c:\users\aleksiluo1\desktop\sfml-projects\sfmlprojects\tsakki\debug\vc120.pdb
c:\users\aleksiluo1\desktop\sfml-projects\sfmlprojects\tsakki\debug\vc120.idb
c:\users\aleksiluo1\desktop\sfml-projects\sfmlprojects\tsakki\debug\chesspiece.obj
c:\users\aleksiluo1\desktop\sfml-projects\sfmlprojects\tsakki\debug\game.obj
c:\users\aleksiluo1\desktop\sfml-projects\sfmlprojects\tsakki\debug\gamestatemanager.obj
c:\users\aleksiluo1\desktop\sfml-projects\sfmlprojects\tsakki\debug\ingame.obj
c:\users\aleksiluo1\desktop\sfml-projects\sfmlprojects\tsakki\debug\main.obj
c:\users\aleksiluo1\desktop\sfml-projects\sfmlprojects\tsakki\debug\player.obj
c:\users\aleksiluo1\desktop\sfml-projects\sfmlprojects\tsakki\debug\square.obj
c:\users\aleksiluo1\desktop\sfml-projects\sfmlprojects\tsakki\debug\table.obj
c:\users\aleksiluo1\desktop\sfml-projects\sfmlprojects\tsakki\debug\textmanager.obj
c:\users\aleksiluo1\desktop\sfml-projects\sfmlprojects\debug\tsakki.pdb
c:\users\aleksiluo1\desktop\sfml-projects\sfmlprojects\tsakki\debug\tsakki.tlog\cl.command.1.tlog
c:\users\aleksiluo1\desktop\sfml-projects\sfmlprojects\tsakki\debug\tsakki.tlog\cl.read.1.tlog
c:\users\aleksiluo1\desktop\sfml-projects\sfmlprojects\tsakki\debug\tsakki.tlog\cl.write.1.tlog
c:\users\aleksiluo1\desktop\sfml-projects\sfmlprojects\tsakki\debug\tsakki.tlog\link-cvtres.read.1.tlog
c:\users\aleksiluo1\desktop\sfml-projects\sfmlprojects\tsakki\debug\tsakki.tlog\link-cvtres.write.1.tlog
c:\users\aleksiluo1\desktop\sfml-projects\sfmlprojects\tsakki\debug\tsakki.tlog\link-rc.read.1.tlog
c:\users\aleksiluo1\desktop\sfml-projects\sfmlprojects\tsakki\debug\tsakki.tlog\link-rc.write.1.tlog
c:\users\aleksiluo1\desktop\sfml-projects\sfmlprojects\tsakki\debug\tsakki.tlog\link.command.1.tlog
c:\users\aleksiluo1\desktop\sfml-projects\sfmlprojects\tsakki\debug\tsakki.tlog\link.read.1.tlog
c:\users\aleksiluo1\desktop\sfml-projects\sfmlprojects\tsakki\debug\tsakki.tlog\link.write.1.tlog
