Build started 11.12.2016 14:19:14.
     1>Project "C:\Users\Taskupappi\Desktop\SFML-projects\SFMLProjects\Tsakki\Tsakki.vcxproj" on node 2 (Build target(s)).
     1>ClCompile:
         C:\Program Files (x86)\Microsoft Visual Studio 12.0\VC\bin\CL.exe /c /I"C:\Users\Taskupappi\Desktop\SFML-projects\SFMLProjects\Dependencies\include" /ZI /nologo /W3 /WX- /sdl /Od /Oy- /D SFML_STATIC /D _MBCS /Gm /EHsc /RTC1 /MDd /GS /fp:precise /Zc:wchar_t /Zc:forScope /Fo"Debug\\" /Fd"Debug\vc120.pdb" /Gd /TP /analyze- /errorReport:prompt Network.cpp
         Network.cpp
     1>c:\users\taskupappi\desktop\sfml-projects\sfmlprojects\tsakki\network.cpp(114): warning C4554: '<<' : check operator precedence for possible error; use parentheses to clarify precedence
     1>c:\users\taskupappi\desktop\sfml-projects\sfmlprojects\tsakki\network.cpp(114): warning C4552: '<<' : operator has no effect; expected operator with side-effect
       Link:
         C:\Program Files (x86)\Microsoft Visual Studio 12.0\VC\bin\link.exe /ERRORREPORT:PROMPT /OUT:"C:\Users\Taskupappi\Desktop\SFML-projects\SFMLProjects\Debug\Tsakki.exe" /INCREMENTAL /NOLOGO /LIBPATH:"C:\Users\Taskupappi\Desktop\SFML-projects\SFMLProjects\Dependencies\lib" "sfml-graphics-s-d.lib" "sfml-window-s-d.lib" "sfml-system-s-d.lib" "sfml-network-s-d.lib" opengl32.lib freetype.lib jpeg.lib winmm.lib gdi32.lib "sfml-system-s.lib" ws2_32.lib kernel32.lib user32.lib gdi32.lib winspool.lib comdlg32.lib advapi32.lib shell32.lib ole32.lib oleaut32.lib uuid.lib odbc32.lib odbccp32.lib /MANIFEST /MANIFESTUAC:"level='asInvoker' uiAccess='false'" /manifest:embed /DEBUG /PDB:"C:\Users\Taskupappi\Desktop\SFML-projects\SFMLProjects\Debug\Tsakki.pdb" /TLBID:1 /DYNAMICBASE /NXCOMPAT /IMPLIB:"C:\Users\Taskupappi\Desktop\SFML-projects\SFMLProjects\Debug\Tsakki.lib" /MACHINE:X86 Debug\Chesspiece.obj
         Debug\Game.obj
         Debug\GameStateManager.obj
         Debug\InGame.obj
         Debug\main.obj
         Debug\MainMenu.obj
         Debug\Network.obj
         Debug\Player.obj
         Debug\Square.obj
         Debug\Table.obj
         Debug\TextManager.obj
         Tsakki.vcxproj -> C:\Users\Taskupappi\Desktop\SFML-projects\SFMLProjects\Debug\Tsakki.exe
     1>Done Building Project "C:\Users\Taskupappi\Desktop\SFML-projects\SFMLProjects\Tsakki\Tsakki.vcxproj" (Build target(s)).

Build succeeded.

Time Elapsed 00:00:01.04
