Build started 12.12.2016 20:25:02.
     1>Project "C:\Users\Taskupappi\Desktop\SFML-projects\SFMLProjects\Behemoth\Behemoth.vcxproj" on node 3 (Build target(s)).
     1>ClCompile:
         C:\Program Files (x86)\Microsoft Visual Studio 12.0\VC\bin\CL.exe /c /I"C:\Users\Taskupappi\Desktop\SFML-projects\SFMLProjects\Dependencies\include" /ZI /nologo /W3 /WX- /sdl /Od /Oy- /D SFML_STATIC /D _MBCS /Gm /EHsc /RTC1 /MDd /GS /fp:precise /Zc:wchar_t /Zc:forScope /Fo"Debug\\" /Fd"Debug\vc120.pdb" /Gd /TP /analyze- /errorReport:prompt Map.cpp MapGenerator.cpp main.cpp
         main.cpp
     1>c:\users\taskupappi\desktop\sfml-projects\sfmlprojects\behemoth\main.cpp(4): error C2065: 'Entity' : undeclared identifier
     1>c:\users\taskupappi\desktop\sfml-projects\sfmlprojects\behemoth\main.cpp(4): error C2923: 'std::vector' : 'Entity' is not a valid template type argument for parameter '_Ty'
     1>c:\users\taskupappi\desktop\sfml-projects\sfmlprojects\behemoth\main.cpp(4): error C2133: 'entities' : unknown size
     1>c:\users\taskupappi\desktop\sfml-projects\sfmlprojects\behemoth\main.cpp(4): error C2512: 'std::vector' : no appropriate default constructor available
     1>c:\users\taskupappi\desktop\sfml-projects\sfmlprojects\behemoth\main.cpp(36): error C2664: 'Entity::Entity(const Entity &)' : cannot convert argument 1 from 'std::string' to 'const Entity &'
                 Reason: cannot convert from 'std::string' to 'const Entity'
                 No user-defined-conversion operator available that can perform this conversion, or the operator cannot be called
     1>c:\users\taskupappi\desktop\sfml-projects\sfmlprojects\behemoth\main.cpp(62): error C2663: 'std::vector<_Ty,_Alloc>::begin' : 2 overloads have no legal conversion for 'this' pointer
     1>c:\users\taskupappi\desktop\sfml-projects\sfmlprojects\behemoth\main.cpp(62): error C2663: 'std::vector<_Ty,_Alloc>::end' : 2 overloads have no legal conversion for 'this' pointer
     1>c:\users\taskupappi\desktop\sfml-projects\sfmlprojects\behemoth\main.cpp(62): error C3536: '$S2': cannot be used before it is initialized
     1>c:\users\taskupappi\desktop\sfml-projects\sfmlprojects\behemoth\main.cpp(62): error C3536: '$S3': cannot be used before it is initialized
     1>c:\users\taskupappi\desktop\sfml-projects\sfmlprojects\behemoth\main.cpp(62): error C2100: illegal indirection
     1>c:\users\taskupappi\desktop\sfml-projects\sfmlprojects\behemoth\main.cpp(64): error C2663: 'std::vector<_Ty,_Alloc>::begin' : 2 overloads have no legal conversion for 'this' pointer
     1>c:\users\taskupappi\desktop\sfml-projects\sfmlprojects\behemoth\main.cpp(64): error C2663: 'std::vector<_Ty,_Alloc>::end' : 2 overloads have no legal conversion for 'this' pointer
     1>c:\users\taskupappi\desktop\sfml-projects\sfmlprojects\behemoth\main.cpp(64): error C3536: '$S5': cannot be used before it is initialized
     1>c:\users\taskupappi\desktop\sfml-projects\sfmlprojects\behemoth\main.cpp(64): error C3536: '$S6': cannot be used before it is initialized
     1>c:\users\taskupappi\desktop\sfml-projects\sfmlprojects\behemoth\main.cpp(64): error C2100: illegal indirection
     1>c:\users\taskupappi\desktop\sfml-projects\sfmlprojects\behemoth\main.cpp(96): warning C4244: 'argument' : conversion from 'time_t' to 'unsigned int', possible loss of data
     1>c:\users\taskupappi\desktop\sfml-projects\sfmlprojects\behemoth\main.cpp(101): error C2664: 'void std::vector<sf::Texture *,std::allocator<_Ty>>::push_back(sf::Texture *const &)' : cannot convert argument 1 from 'std::unique_ptr<sf::Texture,std::default_delete<_Ty>>' to 'sf::Texture *&&'
                 with
                 [
                     _Ty=sf::Texture *
                 ]
                 and
                 [
                     _Ty=sf::Texture
                 ]
                 Reason: cannot convert from 'std::unique_ptr<sf::Texture,std::default_delete<_Ty>>' to 'sf::Texture *'
                 with
                 [
                     _Ty=sf::Texture
                 ]
                 No user-defined-conversion operator available that can perform this conversion, or the operator cannot be called
     1>c:\users\taskupappi\desktop\sfml-projects\sfmlprojects\behemoth\main.cpp(104): error C2065: 't2' : undeclared identifier
     1>c:\users\taskupappi\desktop\sfml-projects\sfmlprojects\behemoth\main.cpp(120): error C2065: 'player' : undeclared identifier
         Generating Code...
         Compiling...
         Map.cpp
     1>c:\users\taskupappi\desktop\sfml-projects\sfmlprojects\behemoth\map.cpp(10): warning C4018: '<' : signed/unsigned mismatch
     1>c:\users\taskupappi\desktop\sfml-projects\sfmlprojects\behemoth\map.cpp(12): warning C4018: '<' : signed/unsigned mismatch
         Generating Code...
         Skipping... (no relevant changes detected)
         MapGenerator.cpp
     1>Done Building Project "C:\Users\Taskupappi\Desktop\SFML-projects\SFMLProjects\Behemoth\Behemoth.vcxproj" (Build target(s)) -- FAILED.

Build FAILED.

Time Elapsed 00:00:02.47
